e:\work\workspace\visual studio\piezo_1.0\piezo_1.0\debug\piezo_1.0.pch
e:\work\workspace\visual studio\piezo_1.0\piezo_1.0\debug\vc120.pdb
e:\work\workspace\visual studio\piezo_1.0\piezo_1.0\debug\vc120.idb
e:\work\workspace\visual studio\piezo_1.0\piezo_1.0\debug\stdafx.obj
e:\work\workspace\visual studio\piezo_1.0\piezo_1.0\debug\init_ui.obj
e:\work\workspace\visual studio\piezo_1.0\piezo_1.0\debug\piezo_1.0.obj
e:\work\workspace\visual studio\piezo_1.0\piezo_1.0\debug\piezo_1.0dlg.obj
e:\work\workspace\visual studio\piezo_1.0\piezo_1.0\debug\serialport.obj
e:\work\workspace\visual studio\piezo_1.0\debug\piezo_1.0.ilk
e:\work\workspace\visual studio\piezo_1.0\debug\piezo_1.0.exe
e:\work\workspace\visual studio\piezo_1.0\debug\piezo_1.0.pdb
e:\work\workspace\visual studio\piezo_1.0\piezo_1.0\debug\piezo_1.0.res
e:\work\workspace\visual studio\piezo_1.0\piezo_1.0\debug\piezo_1.0.tlog\cl.command.1.tlog
e:\work\workspace\visual studio\piezo_1.0\piezo_1.0\debug\piezo_1.0.tlog\cl.read.1.tlog
e:\work\workspace\visual studio\piezo_1.0\piezo_1.0\debug\piezo_1.0.tlog\cl.write.1.tlog
e:\work\workspace\visual studio\piezo_1.0\piezo_1.0\debug\piezo_1.0.tlog\link.command.1.tlog
e:\work\workspace\visual studio\piezo_1.0\piezo_1.0\debug\piezo_1.0.tlog\link.read.1.tlog
e:\work\workspace\visual studio\piezo_1.0\piezo_1.0\debug\piezo_1.0.tlog\link.write.1.tlog
e:\work\workspace\visual studio\piezo_1.0\piezo_1.0\debug\piezo_1.0.tlog\rc.command.1.tlog
e:\work\workspace\visual studio\piezo_1.0\piezo_1.0\debug\piezo_1.0.tlog\rc.read.1.tlog
e:\work\workspace\visual studio\piezo_1.0\piezo_1.0\debug\piezo_1.0.tlog\rc.write.1.tlog
